{"/Users/asselzhl/Desktop/EPAM/Capstone/capstone-project/src/App.tsx": {"path":"/Users/asselzhl/Desktop/EPAM/Capstone/capstone-project/src/App.tsx","statementMap":{"0":{"start":{"line":1,"column":0},"end":{"line":1,"column":49}},"1":{"start":{"line":2,"column":0},"end":{"line":2,"column":36}},"2":{"start":{"line":3,"column":0},"end":{"line":3,"column":38}},"3":{"start":{"line":4,"column":0},"end":{"line":4,"column":50}},"4":{"start":{"line":12,"column":42},"end":{"line":21,"column":3}},"5":{"start":{"line":23,"column":1},"end":{"line":31,"column":3}},"6":{"start":{"line":26,"column":4},"end":{"line":28,"column":6}},"7":{"start":{"line":34,"column":0},"end":{"line":34,"column":19}}},"fnMap":{"0":{"name":"App","decl":{"start":{"line":11,"column":9},"end":{"line":11,"column":12}},"loc":{"start":{"line":11,"column":12},"end":{"line":32,"column":1}}},"1":{"name":"(anonymous_1)","decl":{"start":{"line":25,"column":21},"end":{"line":25,"column":22}},"loc":{"start":{"line":25,"column":31},"end":{"line":29,"column":4}}}},"branchMap":{},"s":{"0":0,"1":0,"2":0,"3":0,"4":0,"5":0,"6":0,"7":0},"f":{"0":0,"1":0},"b":{}}
,"/Users/asselzhl/Desktop/EPAM/Capstone/capstone-project/src/main.tsx": {"path":"/Users/asselzhl/Desktop/EPAM/Capstone/capstone-project/src/main.tsx","statementMap":{"0":{"start":{"line":1,"column":0},"end":{"line":1,"column":26}},"1":{"start":{"line":2,"column":0},"end":{"line":2,"column":40}},"2":{"start":{"line":3,"column":0},"end":{"line":3,"column":24}},"3":{"start":{"line":4,"column":0},"end":{"line":4,"column":21}},"4":{"start":{"line":5,"column":0},"end":{"line":5,"column":49}},"5":{"start":{"line":6,"column":0},"end":{"line":6,"column":39}},"6":{"start":{"line":7,"column":0},"end":{"line":7,"column":49}},"7":{"start":{"line":8,"column":0},"end":{"line":8,"column":62}},"8":{"start":{"line":9,"column":0},"end":{"line":9,"column":43}},"9":{"start":{"line":10,"column":0},"end":{"line":10,"column":9}},"10":{"start":{"line":12,"column":0},"end":{"line":22,"column":2}}},"fnMap":{},"branchMap":{},"s":{"0":0,"1":0,"2":0,"3":0,"4":0,"5":0,"6":0,"7":0,"8":0,"9":0,"10":0},"f":{},"b":{}}
,"/Users/asselzhl/Desktop/EPAM/Capstone/capstone-project/src/components/About/About.tsx": {"path":"/Users/asselzhl/Desktop/EPAM/Capstone/capstone-project/src/components/About/About.tsx","statementMap":{"0":{"start":{"line":7,"column":21},"end":{"line":13,"column":1}},"1":{"start":{"line":8,"column":1},"end":{"line":12,"column":3}},"2":{"start":{"line":7,"column":13},"end":{"line":7,"column":21}}},"fnMap":{"0":{"name":"(anonymous_0)","decl":{"start":{"line":7,"column":21},"end":{"line":7,"column":22}},"loc":{"start":{"line":7,"column":46},"end":{"line":13,"column":1}}}},"branchMap":{},"s":{"0":1,"1":1,"2":1},"f":{"0":1},"b":{}}
,"/Users/asselzhl/Desktop/EPAM/Capstone/capstone-project/src/components/Box/Box.tsx": {"path":"/Users/asselzhl/Desktop/EPAM/Capstone/capstone-project/src/components/Box/Box.tsx","statementMap":{"0":{"start":{"line":3,"column":14},"end":{"line":5,"column":2}},"1":{"start":{"line":25,"column":19},"end":{"line":32,"column":1}},"2":{"start":{"line":26,"column":1},"end":{"line":31,"column":3}},"3":{"start":{"line":25,"column":13},"end":{"line":25,"column":19}}},"fnMap":{"0":{"name":"(anonymous_0)","decl":{"start":{"line":25,"column":19},"end":{"line":25,"column":20}},"loc":{"start":{"line":25,"column":41},"end":{"line":32,"column":1}}}},"branchMap":{},"s":{"0":1,"1":1,"2":1,"3":1},"f":{"0":1},"b":{}}
,"/Users/asselzhl/Desktop/EPAM/Capstone/capstone-project/src/components/Button/Button.tsx": {"path":"/Users/asselzhl/Desktop/EPAM/Capstone/capstone-project/src/components/Button/Button.tsx","statementMap":{"0":{"start":{"line":2,"column":0},"end":{"line":2,"column":52}},"1":{"start":{"line":14,"column":22},"end":{"line":26,"column":1}},"2":{"start":{"line":15,"column":33},"end":{"line":15,"column":56}},"3":{"start":{"line":16,"column":1},"end":{"line":25,"column":3}},"4":{"start":{"line":14,"column":13},"end":{"line":14,"column":22}}},"fnMap":{"0":{"name":"(anonymous_0)","decl":{"start":{"line":14,"column":22},"end":{"line":14,"column":23}},"loc":{"start":{"line":14,"column":65},"end":{"line":26,"column":1}}}},"branchMap":{},"s":{"0":1,"1":1,"2":2,"3":2,"4":1},"f":{"0":2},"b":{}}
,"/Users/asselzhl/Desktop/EPAM/Capstone/capstone-project/src/components/Contacts/Contacts.tsx": {"path":"/Users/asselzhl/Desktop/EPAM/Capstone/capstone-project/src/components/Contacts/Contacts.tsx","statementMap":{"0":{"start":{"line":2,"column":0},"end":{"line":2,"column":46}},"1":{"start":{"line":4,"column":14},"end":{"line":6,"column":2}},"2":{"start":{"line":19,"column":24},"end":{"line":27,"column":1}},"3":{"start":{"line":20,"column":1},"end":{"line":26,"column":3}},"4":{"start":{"line":23,"column":4},"end":{"line":23,"column":63}},"5":{"start":{"line":19,"column":13},"end":{"line":19,"column":24}}},"fnMap":{"0":{"name":"(anonymous_0)","decl":{"start":{"line":19,"column":24},"end":{"line":19,"column":25}},"loc":{"start":{"line":19,"column":60},"end":{"line":27,"column":1}}},"1":{"name":"(anonymous_1)","decl":{"start":{"line":22,"column":21},"end":{"line":22,"column":22}},"loc":{"start":{"line":22,"column":33},"end":{"line":24,"column":4}}}},"branchMap":{},"s":{"0":1,"1":1,"2":1,"3":2,"4":4,"5":1},"f":{"0":2,"1":4},"b":{}}
,"/Users/asselzhl/Desktop/EPAM/Capstone/capstone-project/src/components/Contacts/ContactsItem.tsx": {"path":"/Users/asselzhl/Desktop/EPAM/Capstone/capstone-project/src/components/Contacts/ContactsItem.tsx","statementMap":{"0":{"start":{"line":3,"column":14},"end":{"line":5,"column":2}},"1":{"start":{"line":18,"column":28},"end":{"line":27,"column":1}},"2":{"start":{"line":19,"column":1},"end":{"line":26,"column":3}},"3":{"start":{"line":18,"column":13},"end":{"line":18,"column":28}}},"fnMap":{"0":{"name":"(anonymous_0)","decl":{"start":{"line":18,"column":28},"end":{"line":18,"column":29}},"loc":{"start":{"line":18,"column":63},"end":{"line":27,"column":1}}}},"branchMap":{},"s":{"0":1,"1":1,"2":4,"3":1},"f":{"0":4},"b":{}}
,"/Users/asselzhl/Desktop/EPAM/Capstone/capstone-project/src/components/Education/Education.tsx": {"path":"/Users/asselzhl/Desktop/EPAM/Capstone/capstone-project/src/components/Education/Education.tsx","statementMap":{"0":{"start":{"line":1,"column":0},"end":{"line":1,"column":41}},"1":{"start":{"line":2,"column":0},"end":{"line":2,"column":51}},"2":{"start":{"line":3,"column":0},"end":{"line":3,"column":71}},"3":{"start":{"line":4,"column":0},"end":{"line":4,"column":42}},"4":{"start":{"line":5,"column":0},"end":{"line":5,"column":null}},"5":{"start":{"line":9,"column":0},"end":{"line":9,"column":52}},"6":{"start":{"line":10,"column":0},"end":{"line":10,"column":45}},"7":{"start":{"line":11,"column":0},"end":{"line":11,"column":58}},"8":{"start":{"line":12,"column":0},"end":{"line":12,"column":42}},"9":{"start":{"line":15,"column":1},"end":{"line":15,"column":62}},"10":{"start":{"line":17,"column":25},"end":{"line":40,"column":1}},"11":{"start":{"line":18,"column":18},"end":{"line":18,"column":34}},"12":{"start":{"line":20,"column":23},"end":{"line":20,"column":53}},"13":{"start":{"line":21,"column":31},"end":{"line":21,"column":68}},"14":{"start":{"line":23,"column":1},"end":{"line":27,"column":16}},"15":{"start":{"line":24,"column":2},"end":{"line":26,"column":3}},"16":{"start":{"line":25,"column":3},"end":{"line":25,"column":31}},"17":{"start":{"line":29,"column":1},"end":{"line":31,"column":2}},"18":{"start":{"line":30,"column":2},"end":{"line":30,"column":21}},"19":{"start":{"line":33,"column":1},"end":{"line":35,"column":2}},"20":{"start":{"line":34,"column":2},"end":{"line":34,"column":62}},"21":{"start":{"line":37,"column":1},"end":{"line":39,"column":2}},"22":{"start":{"line":38,"column":2},"end":{"line":38,"column":49}},"23":{"start":{"line":17,"column":13},"end":{"line":17,"column":25}}},"fnMap":{"0":{"name":"(anonymous_0)","decl":{"start":{"line":17,"column":25},"end":{"line":17,"column":28}},"loc":{"start":{"line":17,"column":30},"end":{"line":40,"column":1}}},"1":{"name":"(anonymous_1)","decl":{"start":{"line":23,"column":11},"end":{"line":23,"column":14}},"loc":{"start":{"line":23,"column":16},"end":{"line":27,"column":2}}}},"branchMap":{"0":{"loc":{"start":{"line":24,"column":2},"end":{"line":26,"column":3}},"type":"if","locations":[{"start":{"line":24,"column":2},"end":{"line":26,"column":3}}]},"1":{"loc":{"start":{"line":29,"column":1},"end":{"line":31,"column":2}},"type":"if","locations":[{"start":{"line":29,"column":1},"end":{"line":31,"column":2}}]},"2":{"loc":{"start":{"line":33,"column":1},"end":{"line":35,"column":2}},"type":"if","locations":[{"start":{"line":33,"column":1},"end":{"line":35,"column":2}}]},"3":{"loc":{"start":{"line":37,"column":1},"end":{"line":39,"column":2}},"type":"if","locations":[{"start":{"line":37,"column":1},"end":{"line":39,"column":2}}]}},"s":{"0":0,"1":0,"2":0,"3":0,"4":0,"5":0,"6":0,"7":0,"8":0,"9":0,"10":0,"11":0,"12":0,"13":0,"14":0,"15":0,"16":0,"17":0,"18":0,"19":0,"20":0,"21":0,"22":0,"23":0},"f":{"0":0,"1":0},"b":{"0":[0],"1":[0],"2":[0],"3":[0]}}
,"/Users/asselzhl/Desktop/EPAM/Capstone/capstone-project/src/components/Education/EducationSucceeded.tsx": {"path":"/Users/asselzhl/Desktop/EPAM/Capstone/capstone-project/src/components/Education/EducationSucceeded.tsx","statementMap":{"0":{"start":{"line":2,"column":0},"end":{"line":2,"column":56}},"1":{"start":{"line":4,"column":14},"end":{"line":6,"column":2}},"2":{"start":{"line":17,"column":34},"end":{"line":29,"column":1}},"3":{"start":{"line":20,"column":1},"end":{"line":28,"column":3}},"4":{"start":{"line":23,"column":4},"end":{"line":25,"column":6}},"5":{"start":{"line":17,"column":13},"end":{"line":17,"column":34}}},"fnMap":{"0":{"name":"(anonymous_0)","decl":{"start":{"line":17,"column":34},"end":{"line":17,"column":35}},"loc":{"start":{"line":19,"column":30},"end":{"line":29,"column":1}}},"1":{"name":"(anonymous_1)","decl":{"start":{"line":22,"column":22},"end":{"line":22,"column":23}},"loc":{"start":{"line":22,"column":36},"end":{"line":26,"column":4}}}},"branchMap":{},"s":{"0":0,"1":0,"2":0,"3":0,"4":0,"5":0},"f":{"0":0,"1":0},"b":{}}
,"/Users/asselzhl/Desktop/EPAM/Capstone/capstone-project/src/components/Education/EducationTimeline.tsx": {"path":"/Users/asselzhl/Desktop/EPAM/Capstone/capstone-project/src/components/Education/EducationTimeline.tsx","statementMap":{"0":{"start":{"line":2,"column":0},"end":{"line":2,"column":null}},"1":{"start":{"line":11,"column":14},"end":{"line":13,"column":2}},"2":{"start":{"line":24,"column":33},"end":{"line":39,"column":1}},"3":{"start":{"line":25,"column":1},"end":{"line":38,"column":3}},"4":{"start":{"line":24,"column":13},"end":{"line":24,"column":33}}},"fnMap":{"0":{"name":"(anonymous_0)","decl":{"start":{"line":24,"column":33},"end":{"line":24,"column":34}},"loc":{"start":{"line":24,"column":71},"end":{"line":39,"column":1}}}},"branchMap":{},"s":{"0":0,"1":0,"2":0,"3":0,"4":0},"f":{"0":0},"b":{}}
,"/Users/asselzhl/Desktop/EPAM/Capstone/capstone-project/src/components/Experience/Experience.tsx": {"path":"/Users/asselzhl/Desktop/EPAM/Capstone/capstone-project/src/components/Experience/Experience.tsx","statementMap":{"0":{"start":{"line":2,"column":0},"end":{"line":2,"column":50}},"1":{"start":{"line":4,"column":14},"end":{"line":6,"column":2}},"2":{"start":{"line":21,"column":26},"end":{"line":29,"column":1}},"3":{"start":{"line":22,"column":1},"end":{"line":28,"column":3}},"4":{"start":{"line":25,"column":4},"end":{"line":25,"column":55}},"5":{"start":{"line":21,"column":13},"end":{"line":21,"column":26}}},"fnMap":{"0":{"name":"(anonymous_0)","decl":{"start":{"line":21,"column":26},"end":{"line":21,"column":27}},"loc":{"start":{"line":21,"column":66},"end":{"line":29,"column":1}}},"1":{"name":"(anonymous_1)","decl":{"start":{"line":24,"column":23},"end":{"line":24,"column":24}},"loc":{"start":{"line":24,"column":31},"end":{"line":26,"column":4}}}},"branchMap":{},"s":{"0":1,"1":1,"2":1,"3":2,"4":4,"5":1},"f":{"0":2,"1":4},"b":{}}
,"/Users/asselzhl/Desktop/EPAM/Capstone/capstone-project/src/components/Experience/ExperienceItem.tsx": {"path":"/Users/asselzhl/Desktop/EPAM/Capstone/capstone-project/src/components/Experience/ExperienceItem.tsx","statementMap":{"0":{"start":{"line":2,"column":14},"end":{"line":8,"column":2}},"1":{"start":{"line":23,"column":30},"end":{"line":37,"column":1}},"2":{"start":{"line":24,"column":1},"end":{"line":36,"column":3}},"3":{"start":{"line":23,"column":13},"end":{"line":23,"column":30}}},"fnMap":{"0":{"name":"(anonymous_0)","decl":{"start":{"line":23,"column":30},"end":{"line":23,"column":31}},"loc":{"start":{"line":23,"column":63},"end":{"line":37,"column":1}}}},"branchMap":{},"s":{"0":1,"1":1,"2":4,"3":1},"f":{"0":4},"b":{}}
,"/Users/asselzhl/Desktop/EPAM/Capstone/capstone-project/src/components/Failed/Failed.tsx": {"path":"/Users/asselzhl/Desktop/EPAM/Capstone/capstone-project/src/components/Failed/Failed.tsx","statementMap":{"0":{"start":{"line":3,"column":14},"end":{"line":5,"column":2}},"1":{"start":{"line":11,"column":22},"end":{"line":17,"column":1}},"2":{"start":{"line":12,"column":1},"end":{"line":16,"column":3}},"3":{"start":{"line":11,"column":13},"end":{"line":11,"column":22}}},"fnMap":{"0":{"name":"(anonymous_0)","decl":{"start":{"line":11,"column":22},"end":{"line":11,"column":23}},"loc":{"start":{"line":11,"column":48},"end":{"line":17,"column":1}}}},"branchMap":{},"s":{"0":1,"1":1,"2":1,"3":1},"f":{"0":1},"b":{}}
,"/Users/asselzhl/Desktop/EPAM/Capstone/capstone-project/src/components/Feedback/Feedback.tsx": {"path":"/Users/asselzhl/Desktop/EPAM/Capstone/capstone-project/src/components/Feedback/Feedback.tsx","statementMap":{"0":{"start":{"line":3,"column":0},"end":{"line":3,"column":46}},"1":{"start":{"line":5,"column":14},"end":{"line":7,"column":2}},"2":{"start":{"line":20,"column":24},"end":{"line":28,"column":1}},"3":{"start":{"line":21,"column":1},"end":{"line":27,"column":3}},"4":{"start":{"line":24,"column":4},"end":{"line":24,"column":68}},"5":{"start":{"line":20,"column":13},"end":{"line":20,"column":24}}},"fnMap":{"0":{"name":"(anonymous_0)","decl":{"start":{"line":20,"column":24},"end":{"line":20,"column":25}},"loc":{"start":{"line":20,"column":61},"end":{"line":28,"column":1}}},"1":{"name":"(anonymous_1)","decl":{"start":{"line":23,"column":22},"end":{"line":23,"column":23}},"loc":{"start":{"line":23,"column":35},"end":{"line":25,"column":4}}}},"branchMap":{},"s":{"0":1,"1":1,"2":1,"3":1,"4":2,"5":1},"f":{"0":1,"1":2},"b":{}}
,"/Users/asselzhl/Desktop/EPAM/Capstone/capstone-project/src/components/Feedback/FeedbackItem.tsx": {"path":"/Users/asselzhl/Desktop/EPAM/Capstone/capstone-project/src/components/Feedback/FeedbackItem.tsx","statementMap":{"0":{"start":{"line":3,"column":14},"end":{"line":7,"column":2}},"1":{"start":{"line":19,"column":28},"end":{"line":33,"column":1}},"2":{"start":{"line":20,"column":1},"end":{"line":32,"column":3}},"3":{"start":{"line":19,"column":13},"end":{"line":19,"column":28}}},"fnMap":{"0":{"name":"(anonymous_0)","decl":{"start":{"line":19,"column":28},"end":{"line":19,"column":29}},"loc":{"start":{"line":19,"column":64},"end":{"line":33,"column":1}}}},"branchMap":{},"s":{"0":1,"1":1,"2":2,"3":1},"f":{"0":2},"b":{}}
,"/Users/asselzhl/Desktop/EPAM/Capstone/capstone-project/src/components/Loading/Loading.tsx": {"path":"/Users/asselzhl/Desktop/EPAM/Capstone/capstone-project/src/components/Loading/Loading.tsx","statementMap":{"0":{"start":{"line":3,"column":0},"end":{"line":3,"column":47}},"1":{"start":{"line":4,"column":14},"end":{"line":6,"column":2}},"2":{"start":{"line":8,"column":23},"end":{"line":19,"column":1}},"3":{"start":{"line":9,"column":1},"end":{"line":18,"column":3}},"4":{"start":{"line":8,"column":13},"end":{"line":8,"column":23}}},"fnMap":{"0":{"name":"(anonymous_0)","decl":{"start":{"line":8,"column":23},"end":{"line":8,"column":26}},"loc":{"start":{"line":8,"column":28},"end":{"line":19,"column":1}}}},"branchMap":{},"s":{"0":1,"1":1,"2":1,"3":1,"4":1},"f":{"0":1},"b":{}}
,"/Users/asselzhl/Desktop/EPAM/Capstone/capstone-project/src/components/Main/Main.tsx": {"path":"/Users/asselzhl/Desktop/EPAM/Capstone/capstone-project/src/components/Main/Main.tsx","statementMap":{"0":{"start":{"line":2,"column":0},"end":{"line":2,"column":33}},"1":{"start":{"line":3,"column":0},"end":{"line":3,"column":42}},"2":{"start":{"line":5,"column":0},"end":{"line":5,"column":50}},"3":{"start":{"line":6,"column":0},"end":{"line":6,"column":53}},"4":{"start":{"line":8,"column":14},"end":{"line":10,"column":2}},"5":{"start":{"line":30,"column":20},"end":{"line":41,"column":1}},"6":{"start":{"line":31,"column":1},"end":{"line":40,"column":3}},"7":{"start":{"line":34,"column":4},"end":{"line":34,"column":42}},"8":{"start":{"line":30,"column":13},"end":{"line":30,"column":20}}},"fnMap":{"0":{"name":"(anonymous_0)","decl":{"start":{"line":30,"column":20},"end":{"line":30,"column":21}},"loc":{"start":{"line":30,"column":47},"end":{"line":41,"column":1}}},"1":{"name":"(anonymous_1)","decl":{"start":{"line":33,"column":16},"end":{"line":33,"column":17}},"loc":{"start":{"line":33,"column":24},"end":{"line":35,"column":4}}}},"branchMap":{},"s":{"0":1,"1":1,"2":1,"3":1,"4":1,"5":1,"6":1,"7":1,"8":1},"f":{"0":1,"1":1},"b":{}}
,"/Users/asselzhl/Desktop/EPAM/Capstone/capstone-project/src/components/Navigation/Navigation.tsx": {"path":"/Users/asselzhl/Desktop/EPAM/Capstone/capstone-project/src/components/Navigation/Navigation.tsx","statementMap":{"0":{"start":{"line":2,"column":0},"end":{"line":2,"column":50}},"1":{"start":{"line":4,"column":14},"end":{"line":8,"column":2}},"2":{"start":{"line":28,"column":26},"end":{"line":49,"column":1}},"3":{"start":{"line":29,"column":1},"end":{"line":48,"column":3}},"4":{"start":{"line":33,"column":5},"end":{"line":44,"column":7}},"5":{"start":{"line":28,"column":13},"end":{"line":28,"column":26}}},"fnMap":{"0":{"name":"(anonymous_0)","decl":{"start":{"line":28,"column":26},"end":{"line":28,"column":27}},"loc":{"start":{"line":28,"column":59},"end":{"line":49,"column":1}}},"1":{"name":"(anonymous_1)","decl":{"start":{"line":32,"column":17},"end":{"line":32,"column":18}},"loc":{"start":{"line":32,"column":30},"end":{"line":45,"column":5}}}},"branchMap":{},"s":{"0":1,"1":1,"2":1,"3":1,"4":2,"5":1},"f":{"0":1,"1":2},"b":{}}
,"/Users/asselzhl/Desktop/EPAM/Capstone/capstone-project/src/components/Panel/Panel.tsx": {"path":"/Users/asselzhl/Desktop/EPAM/Capstone/capstone-project/src/components/Panel/Panel.tsx","statementMap":{"0":{"start":{"line":1,"column":0},"end":{"line":1,"column":40}},"1":{"start":{"line":2,"column":0},"end":{"line":2,"column":54}},"2":{"start":{"line":3,"column":0},"end":{"line":3,"column":48}},"3":{"start":{"line":4,"column":0},"end":{"line":4,"column":42}},"4":{"start":{"line":5,"column":0},"end":{"line":5,"column":40}},"5":{"start":{"line":6,"column":0},"end":{"line":6,"column":54}},"6":{"start":{"line":7,"column":0},"end":{"line":7,"column":54}},"7":{"start":{"line":8,"column":0},"end":{"line":8,"column":53}},"8":{"start":{"line":10,"column":14},"end":{"line":13,"column":2}},"9":{"start":{"line":15,"column":21},"end":{"line":31,"column":1}},"10":{"start":{"line":16,"column":39},"end":{"line":16,"column":54}},"11":{"start":{"line":18,"column":21},"end":{"line":20,"column":2}},"12":{"start":{"line":19,"column":2},"end":{"line":19,"column":31}},"13":{"start":{"line":21,"column":1},"end":{"line":30,"column":3}},"14":{"start":{"line":15,"column":13},"end":{"line":15,"column":21}}},"fnMap":{"0":{"name":"(anonymous_0)","decl":{"start":{"line":15,"column":21},"end":{"line":15,"column":24}},"loc":{"start":{"line":15,"column":26},"end":{"line":31,"column":1}}},"1":{"name":"(anonymous_1)","decl":{"start":{"line":18,"column":21},"end":{"line":18,"column":24}},"loc":{"start":{"line":18,"column":26},"end":{"line":20,"column":2}}}},"branchMap":{"0":{"loc":{"start":{"line":22,"column":20},"end":{"line":22,"column":69}},"type":"cond-expr","locations":[{"start":{"line":22,"column":34},"end":{"line":22,"column":51}},{"start":{"line":22,"column":54},"end":{"line":22,"column":69}}]}},"s":{"0":1,"1":1,"2":1,"3":1,"4":1,"5":1,"6":1,"7":1,"8":1,"9":1,"10":3,"11":3,"12":1,"13":3,"14":1},"f":{"0":3,"1":1},"b":{"0":[1,2]}}
,"/Users/asselzhl/Desktop/EPAM/Capstone/capstone-project/src/components/PhotoBox/PhotoBox.tsx": {"path":"/Users/asselzhl/Desktop/EPAM/Capstone/capstone-project/src/components/PhotoBox/PhotoBox.tsx","statementMap":{"0":{"start":{"line":3,"column":0},"end":{"line":3,"column":56}},"1":{"start":{"line":11,"column":24},"end":{"line":23,"column":1}},"2":{"start":{"line":12,"column":54},"end":{"line":12,"column":73}},"3":{"start":{"line":13,"column":2},"end":{"line":22,"column":4}},"4":{"start":{"line":11,"column":13},"end":{"line":11,"column":24}}},"fnMap":{"0":{"name":"(anonymous_0)","decl":{"start":{"line":11,"column":24},"end":{"line":11,"column":25}},"loc":{"start":{"line":11,"column":54},"end":{"line":23,"column":1}}}},"branchMap":{"0":{"loc":{"start":{"line":20,"column":7},"end":{"line":20,"column":65}},"type":"binary-expr","locations":[{"start":{"line":20,"column":7},"end":{"line":20,"column":18}},{"start":{"line":20,"column":22},"end":{"line":20,"column":65}}]}},"s":{"0":1,"1":1,"2":2,"3":2,"4":1},"f":{"0":2},"b":{"0":[2,1]}}
,"/Users/asselzhl/Desktop/EPAM/Capstone/capstone-project/src/components/Portfolio/Portfolio.tsx": {"path":"/Users/asselzhl/Desktop/EPAM/Capstone/capstone-project/src/components/Portfolio/Portfolio.tsx","statementMap":{"0":{"start":{"line":1,"column":0},"end":{"line":1,"column":59}},"1":{"start":{"line":2,"column":0},"end":{"line":2,"column":37}},"2":{"start":{"line":4,"column":0},"end":{"line":4,"column":48}},"3":{"start":{"line":7,"column":14},"end":{"line":11,"column":2}},"4":{"start":{"line":18,"column":25},"end":{"line":61,"column":1}},"5":{"start":{"line":19,"column":17},"end":{"line":19,"column":41}},"6":{"start":{"line":20,"column":35},"end":{"line":20,"column":56}},"7":{"start":{"line":22,"column":1},"end":{"line":29,"column":8}},"8":{"start":{"line":23,"column":2},"end":{"line":26,"column":5}},"9":{"start":{"line":28,"column":2},"end":{"line":28,"column":42}},"10":{"start":{"line":28,"column":15},"end":{"line":28,"column":42}},"11":{"start":{"line":31,"column":1},"end":{"line":34,"column":17}},"12":{"start":{"line":32,"column":2},"end":{"line":33,"column":61}},"13":{"start":{"line":32,"column":25},"end":{"line":32,"column":67}},"14":{"start":{"line":33,"column":7},"end":{"line":33,"column":61}},"15":{"start":{"line":36,"column":31},"end":{"line":36,"column":71}},"16":{"start":{"line":36,"column":48},"end":{"line":36,"column":71}},"17":{"start":{"line":36,"column":54},"end":{"line":36,"column":71}},"18":{"start":{"line":38,"column":1},"end":{"line":60,"column":3}},"19":{"start":{"line":42,"column":5},"end":{"line":50,"column":7}},"20":{"start":{"line":56,"column":5},"end":{"line":56,"column":73}},"21":{"start":{"line":18,"column":13},"end":{"line":18,"column":25}}},"fnMap":{"0":{"name":"(anonymous_1)","decl":{"start":{"line":18,"column":25},"end":{"line":18,"column":26}},"loc":{"start":{"line":18,"column":74},"end":{"line":61,"column":1}}},"1":{"name":"(anonymous_2)","decl":{"start":{"line":22,"column":11},"end":{"line":22,"column":14}},"loc":{"start":{"line":22,"column":16},"end":{"line":29,"column":2}}},"2":{"name":"(anonymous_3)","decl":{"start":{"line":28,"column":9},"end":{"line":28,"column":12}},"loc":{"start":{"line":28,"column":14},"end":{"line":28,"column":42}}},"3":{"name":"(anonymous_4)","decl":{"start":{"line":31,"column":11},"end":{"line":31,"column":14}},"loc":{"start":{"line":31,"column":16},"end":{"line":34,"column":2}}},"4":{"name":"(anonymous_5)","decl":{"start":{"line":36,"column":31},"end":{"line":36,"column":32}},"loc":{"start":{"line":36,"column":48},"end":{"line":36,"column":71}}},"5":{"name":"(anonymous_6)","decl":{"start":{"line":36,"column":48},"end":{"line":36,"column":51}},"loc":{"start":{"line":36,"column":54},"end":{"line":36,"column":71}}},"6":{"name":"(anonymous_7)","decl":{"start":{"line":41,"column":20},"end":{"line":41,"column":21}},"loc":{"start":{"line":41,"column":34},"end":{"line":51,"column":5}}},"7":{"name":"(anonymous_8)","decl":{"start":{"line":55,"column":22},"end":{"line":55,"column":23}},"loc":{"start":{"line":55,"column":34},"end":{"line":57,"column":5}}}},"branchMap":{"0":{"loc":{"start":{"line":28,"column":15},"end":{"line":28,"column":41}},"type":"cond-expr","locations":[{"start":{"line":28,"column":30},"end":{"line":28,"column":32}},{"start":{"line":28,"column":30},"end":{"line":28,"column":41}}]},"1":{"loc":{"start":{"line":28,"column":15},"end":{"line":28,"column":32}},"type":"binary-expr","locations":[{"start":{"line":28,"column":15},"end":{"line":28,"column":32}},{"start":{"line":28,"column":30},"end":{"line":28,"column":32}}]},"2":{"loc":{"start":{"line":32,"column":2},"end":{"line":33,"column":61}},"type":"if","locations":[{"start":{"line":32,"column":2},"end":{"line":33,"column":61}},{"start":{"line":33,"column":7},"end":{"line":33,"column":61}}]},"3":{"loc":{"start":{"line":32,"column":25},"end":{"line":32,"column":66}},"type":"cond-expr","locations":[{"start":{"line":32,"column":40},"end":{"line":32,"column":42}},{"start":{"line":32,"column":40},"end":{"line":32,"column":66}}]},"4":{"loc":{"start":{"line":32,"column":25},"end":{"line":32,"column":42}},"type":"binary-expr","locations":[{"start":{"line":32,"column":25},"end":{"line":32,"column":42}},{"start":{"line":32,"column":40},"end":{"line":32,"column":42}}]},"5":{"loc":{"start":{"line":33,"column":7},"end":{"line":33,"column":60}},"type":"cond-expr","locations":[{"start":{"line":33,"column":22},"end":{"line":33,"column":24}},{"start":{"line":33,"column":22},"end":{"line":33,"column":60}}]},"6":{"loc":{"start":{"line":33,"column":7},"end":{"line":33,"column":24}},"type":"binary-expr","locations":[{"start":{"line":33,"column":7},"end":{"line":33,"column":24}},{"start":{"line":33,"column":22},"end":{"line":33,"column":24}}]}},"s":{"0":1,"1":1,"2":1,"3":1,"4":1,"5":1,"6":1,"7":1,"8":1,"9":1,"10":1,"11":1,"12":1,"13":1,"14":0,"15":1,"16":3,"17":0,"18":1,"19":3,"20":1,"21":1},"f":{"0":1,"1":1,"2":1,"3":1,"4":3,"5":0,"6":3,"7":1},"b":{"0":[0,1],"1":[1,1],"2":[1,0],"3":[0,1],"4":[1,1],"5":[0,0],"6":[0,0]}}
,"/Users/asselzhl/Desktop/EPAM/Capstone/capstone-project/src/components/Portfolio/PortfolioInfo.tsx": {"path":"/Users/asselzhl/Desktop/EPAM/Capstone/capstone-project/src/components/Portfolio/PortfolioInfo.tsx","statementMap":{"0":{"start":{"line":3,"column":14},"end":{"line":7,"column":2}},"1":{"start":{"line":19,"column":29},"end":{"line":29,"column":1}},"2":{"start":{"line":20,"column":1},"end":{"line":28,"column":3}},"3":{"start":{"line":19,"column":13},"end":{"line":19,"column":29}}},"fnMap":{"0":{"name":"(anonymous_0)","decl":{"start":{"line":19,"column":29},"end":{"line":19,"column":30}},"loc":{"start":{"line":19,"column":62},"end":{"line":29,"column":1}}}},"branchMap":{},"s":{"0":1,"1":1,"2":0,"3":1},"f":{"0":0},"b":{}}
,"/Users/asselzhl/Desktop/EPAM/Capstone/capstone-project/src/components/Portfolio/PortfolioItem.tsx": {"path":"/Users/asselzhl/Desktop/EPAM/Capstone/capstone-project/src/components/Portfolio/PortfolioItem.tsx","statementMap":{"0":{"start":{"line":1,"column":0},"end":{"line":1,"column":40}},"1":{"start":{"line":2,"column":0},"end":{"line":2,"column":48}},"2":{"start":{"line":22,"column":29},"end":{"line":42,"column":1}},"3":{"start":{"line":23,"column":37},"end":{"line":23,"column":61}},"4":{"start":{"line":25,"column":25},"end":{"line":27,"column":2}},"5":{"start":{"line":26,"column":2},"end":{"line":26,"column":22}},"6":{"start":{"line":29,"column":24},"end":{"line":31,"column":2}},"7":{"start":{"line":30,"column":2},"end":{"line":30,"column":23}},"8":{"start":{"line":32,"column":1},"end":{"line":41,"column":3}},"9":{"start":{"line":22,"column":13},"end":{"line":22,"column":29}}},"fnMap":{"0":{"name":"(anonymous_0)","decl":{"start":{"line":22,"column":29},"end":{"line":22,"column":30}},"loc":{"start":{"line":22,"column":65},"end":{"line":42,"column":1}}},"1":{"name":"(anonymous_1)","decl":{"start":{"line":25,"column":25},"end":{"line":25,"column":28}},"loc":{"start":{"line":25,"column":30},"end":{"line":27,"column":2}}},"2":{"name":"(anonymous_2)","decl":{"start":{"line":29,"column":24},"end":{"line":29,"column":27}},"loc":{"start":{"line":29,"column":29},"end":{"line":31,"column":2}}}},"branchMap":{"0":{"loc":{"start":{"line":38,"column":4},"end":{"line":38,"column":55}},"type":"binary-expr","locations":[{"start":{"line":38,"column":4},"end":{"line":38,"column":14}},{"start":{"line":38,"column":18},"end":{"line":38,"column":55}}]}},"s":{"0":1,"1":1,"2":1,"3":1,"4":1,"5":0,"6":1,"7":0,"8":1,"9":1},"f":{"0":1,"1":0,"2":0},"b":{"0":[1,0]}}
,"/Users/asselzhl/Desktop/EPAM/Capstone/capstone-project/src/components/Skills/FormFieldWithError.tsx": {"path":"/Users/asselzhl/Desktop/EPAM/Capstone/capstone-project/src/components/Skills/FormFieldWithError.tsx","statementMap":{"0":{"start":{"line":3,"column":14},"end":{"line":8,"column":2}},"1":{"start":{"line":23,"column":34},"end":{"line":51,"column":1}},"2":{"start":{"line":27,"column":1},"end":{"line":50,"column":3}},"3":{"start":{"line":23,"column":13},"end":{"line":23,"column":34}}},"fnMap":{"0":{"name":"(anonymous_0)","decl":{"start":{"line":23,"column":34},"end":{"line":23,"column":35}},"loc":{"start":{"line":26,"column":30},"end":{"line":51,"column":1}}}},"branchMap":{"0":{"loc":{"start":{"line":45,"column":5},"end":{"line":47,"column":33}},"type":"binary-expr","locations":[{"start":{"line":45,"column":5},"end":{"line":45,"column":33}},{"start":{"line":46,"column":5},"end":{"line":46,"column":34}},{"start":{"line":47,"column":5},"end":{"line":47,"column":33}}]}},"s":{"0":0,"1":0,"2":0,"3":0},"f":{"0":0},"b":{"0":[0,0,0]}}
,"/Users/asselzhl/Desktop/EPAM/Capstone/capstone-project/src/components/Skills/Scale.tsx": {"path":"/Users/asselzhl/Desktop/EPAM/Capstone/capstone-project/src/components/Skills/Scale.tsx","statementMap":{"0":{"start":{"line":3,"column":14},"end":{"line":7,"column":2}},"1":{"start":{"line":9,"column":21},"end":{"line":25,"column":1}},"2":{"start":{"line":10,"column":16},"end":{"line":10,"column":62}},"3":{"start":{"line":11,"column":1},"end":{"line":24,"column":3}},"4":{"start":{"line":16,"column":5},"end":{"line":20,"column":7}},"5":{"start":{"line":9,"column":13},"end":{"line":9,"column":21}}},"fnMap":{"0":{"name":"(anonymous_0)","decl":{"start":{"line":9,"column":21},"end":{"line":9,"column":24}},"loc":{"start":{"line":9,"column":26},"end":{"line":25,"column":1}}},"1":{"name":"(anonymous_1)","decl":{"start":{"line":15,"column":16},"end":{"line":15,"column":17}},"loc":{"start":{"line":15,"column":26},"end":{"line":21,"column":5}}}},"branchMap":{},"s":{"0":0,"1":0,"2":0,"3":0,"4":0,"5":0},"f":{"0":0,"1":0},"b":{}}
,"/Users/asselzhl/Desktop/EPAM/Capstone/capstone-project/src/components/Skills/SkillForm.tsx": {"path":"/Users/asselzhl/Desktop/EPAM/Capstone/capstone-project/src/components/Skills/SkillForm.tsx","statementMap":{"0":{"start":{"line":2,"column":0},"end":{"line":2,"column":35}},"1":{"start":{"line":3,"column":0},"end":{"line":3,"column":27}},"2":{"start":{"line":5,"column":0},"end":{"line":5,"column":58}},"3":{"start":{"line":6,"column":0},"end":{"line":6,"column":42}},"4":{"start":{"line":7,"column":0},"end":{"line":7,"column":51}},"5":{"start":{"line":8,"column":0},"end":{"line":8,"column":58}},"6":{"start":{"line":9,"column":0},"end":{"line":9,"column":53}},"7":{"start":{"line":10,"column":0},"end":{"line":10,"column":64}},"8":{"start":{"line":12,"column":14},"end":{"line":14,"column":2}},"9":{"start":{"line":16,"column":25},"end":{"line":53,"column":1}},"10":{"start":{"line":17,"column":18},"end":{"line":17,"column":34}},"11":{"start":{"line":19,"column":16},"end":{"line":36,"column":3}},"12":{"start":{"line":25,"column":3},"end":{"line":25,"column":30}},"13":{"start":{"line":27,"column":3},"end":{"line":27,"column":15}},"14":{"start":{"line":38,"column":1},"end":{"line":52,"column":3}},"15":{"start":{"line":41,"column":4},"end":{"line":47,"column":6}},"16":{"start":{"line":16,"column":13},"end":{"line":16,"column":25}}},"fnMap":{"0":{"name":"(anonymous_6)","decl":{"start":{"line":16,"column":25},"end":{"line":16,"column":28}},"loc":{"start":{"line":16,"column":30},"end":{"line":53,"column":1}}},"1":{"name":"(anonymous_7)","decl":{"start":{"line":24,"column":12},"end":{"line":24,"column":13}},"loc":{"start":{"line":24,"column":38},"end":{"line":28,"column":3}}},"2":{"name":"(anonymous_8)","decl":{"start":{"line":40,"column":19},"end":{"line":40,"column":20}},"loc":{"start":{"line":40,"column":29},"end":{"line":48,"column":4}}}},"branchMap":{},"s":{"0":0,"1":0,"2":0,"3":0,"4":0,"5":0,"6":0,"7":0,"8":0,"9":0,"10":0,"11":0,"12":0,"13":0,"14":0,"15":0,"16":0},"f":{"0":0,"1":0,"2":0},"b":{}}
,"/Users/asselzhl/Desktop/EPAM/Capstone/capstone-project/src/components/Skills/Skills.tsx": {"path":"/Users/asselzhl/Desktop/EPAM/Capstone/capstone-project/src/components/Skills/Skills.tsx","statementMap":{"0":{"start":{"line":1,"column":0},"end":{"line":1,"column":51}},"1":{"start":{"line":2,"column":0},"end":{"line":2,"column":42}},"2":{"start":{"line":3,"column":0},"end":{"line":3,"column":52}},"3":{"start":{"line":4,"column":0},"end":{"line":4,"column":76}},"4":{"start":{"line":5,"column":0},"end":{"line":5,"column":61}},"5":{"start":{"line":6,"column":0},"end":{"line":6,"column":51}},"6":{"start":{"line":8,"column":0},"end":{"line":8,"column":45}},"7":{"start":{"line":9,"column":0},"end":{"line":9,"column":42}},"8":{"start":{"line":10,"column":0},"end":{"line":10,"column":52}},"9":{"start":{"line":13,"column":1},"end":{"line":13,"column":62}},"10":{"start":{"line":15,"column":22},"end":{"line":50,"column":1}},"11":{"start":{"line":16,"column":18},"end":{"line":16,"column":34}},"12":{"start":{"line":17,"column":20},"end":{"line":17,"column":46}},"13":{"start":{"line":19,"column":41},"end":{"line":19,"column":64}},"14":{"start":{"line":21,"column":27},"end":{"line":21,"column":60}},"15":{"start":{"line":23,"column":1},"end":{"line":27,"column":16}},"16":{"start":{"line":24,"column":2},"end":{"line":26,"column":3}},"17":{"start":{"line":25,"column":3},"end":{"line":25,"column":27}},"18":{"start":{"line":29,"column":20},"end":{"line":31,"column":2}},"19":{"start":{"line":30,"column":2},"end":{"line":30,"column":33}},"20":{"start":{"line":33,"column":1},"end":{"line":35,"column":2}},"21":{"start":{"line":34,"column":2},"end":{"line":34,"column":21}},"22":{"start":{"line":37,"column":1},"end":{"line":45,"column":2}},"23":{"start":{"line":38,"column":2},"end":{"line":44,"column":4}},"24":{"start":{"line":47,"column":1},"end":{"line":49,"column":2}},"25":{"start":{"line":48,"column":2},"end":{"line":48,"column":49}},"26":{"start":{"line":15,"column":13},"end":{"line":15,"column":22}}},"fnMap":{"0":{"name":"(anonymous_0)","decl":{"start":{"line":15,"column":22},"end":{"line":15,"column":25}},"loc":{"start":{"line":15,"column":27},"end":{"line":50,"column":1}}},"1":{"name":"(anonymous_1)","decl":{"start":{"line":23,"column":11},"end":{"line":23,"column":14}},"loc":{"start":{"line":23,"column":16},"end":{"line":27,"column":2}}},"2":{"name":"(anonymous_2)","decl":{"start":{"line":29,"column":20},"end":{"line":29,"column":23}},"loc":{"start":{"line":29,"column":25},"end":{"line":31,"column":2}}}},"branchMap":{"0":{"loc":{"start":{"line":24,"column":2},"end":{"line":26,"column":3}},"type":"if","locations":[{"start":{"line":24,"column":2},"end":{"line":26,"column":3}}]},"1":{"loc":{"start":{"line":33,"column":1},"end":{"line":35,"column":2}},"type":"if","locations":[{"start":{"line":33,"column":1},"end":{"line":35,"column":2}}]},"2":{"loc":{"start":{"line":37,"column":1},"end":{"line":45,"column":2}},"type":"if","locations":[{"start":{"line":37,"column":1},"end":{"line":45,"column":2}}]},"3":{"loc":{"start":{"line":47,"column":1},"end":{"line":49,"column":2}},"type":"if","locations":[{"start":{"line":47,"column":1},"end":{"line":49,"column":2}}]}},"s":{"0":0,"1":0,"2":0,"3":0,"4":0,"5":0,"6":0,"7":0,"8":0,"9":0,"10":0,"11":0,"12":0,"13":0,"14":0,"15":0,"16":0,"17":0,"18":0,"19":0,"20":0,"21":0,"22":0,"23":0,"24":0,"25":0,"26":0},"f":{"0":0,"1":0,"2":0},"b":{"0":[0],"1":[0],"2":[0],"3":[0]}}
,"/Users/asselzhl/Desktop/EPAM/Capstone/capstone-project/src/components/Skills/SkillsItem.tsx": {"path":"/Users/asselzhl/Desktop/EPAM/Capstone/capstone-project/src/components/Skills/SkillsItem.tsx","statementMap":{"0":{"start":{"line":3,"column":14},"end":{"line":5,"column":2}},"1":{"start":{"line":14,"column":26},"end":{"line":22,"column":1}},"2":{"start":{"line":15,"column":1},"end":{"line":21,"column":3}},"3":{"start":{"line":14,"column":13},"end":{"line":14,"column":26}}},"fnMap":{"0":{"name":"(anonymous_0)","decl":{"start":{"line":14,"column":26},"end":{"line":14,"column":27}},"loc":{"start":{"line":14,"column":57},"end":{"line":22,"column":1}}}},"branchMap":{},"s":{"0":0,"1":0,"2":0,"3":0},"f":{"0":0},"b":{}}
,"/Users/asselzhl/Desktop/EPAM/Capstone/capstone-project/src/components/Skills/SkillsSucceeded.tsx": {"path":"/Users/asselzhl/Desktop/EPAM/Capstone/capstone-project/src/components/Skills/SkillsSucceeded.tsx","statementMap":{"0":{"start":{"line":2,"column":0},"end":{"line":2,"column":53}},"1":{"start":{"line":3,"column":0},"end":{"line":3,"column":40}},"2":{"start":{"line":4,"column":0},"end":{"line":4,"column":42}},"3":{"start":{"line":5,"column":0},"end":{"line":5,"column":32}},"4":{"start":{"line":6,"column":0},"end":{"line":6,"column":42}},"5":{"start":{"line":8,"column":14},"end":{"line":10,"column":2}},"6":{"start":{"line":23,"column":31},"end":{"line":45,"column":1}},"7":{"start":{"line":28,"column":22},"end":{"line":30,"column":24}},"8":{"start":{"line":31,"column":1},"end":{"line":44,"column":3}},"9":{"start":{"line":38,"column":5},"end":{"line":38,"column":58}},"10":{"start":{"line":23,"column":13},"end":{"line":23,"column":31}}},"fnMap":{"0":{"name":"(anonymous_0)","decl":{"start":{"line":23,"column":31},"end":{"line":23,"column":32}},"loc":{"start":{"line":27,"column":27},"end":{"line":45,"column":1}}},"1":{"name":"(anonymous_1)","decl":{"start":{"line":37,"column":20},"end":{"line":37,"column":21}},"loc":{"start":{"line":37,"column":30},"end":{"line":39,"column":5}}}},"branchMap":{"0":{"loc":{"start":{"line":28,"column":22},"end":{"line":30,"column":24}},"type":"cond-expr","locations":[{"start":{"line":29,"column":4},"end":{"line":29,"column":23}},{"start":{"line":30,"column":4},"end":{"line":30,"column":24}}]},"1":{"loc":{"start":{"line":34,"column":4},"end":{"line":34,"column":34}},"type":"binary-expr","locations":[{"start":{"line":34,"column":4},"end":{"line":34,"column":17}},{"start":{"line":34,"column":21},"end":{"line":34,"column":34}}]}},"s":{"0":0,"1":0,"2":0,"3":0,"4":0,"5":0,"6":0,"7":0,"8":0,"9":0,"10":0},"f":{"0":0,"1":0},"b":{"0":[0,0],"1":[0,0]}}
,"/Users/asselzhl/Desktop/EPAM/Capstone/capstone-project/src/helpers/buttonMap.tsx": {"path":"/Users/asselzhl/Desktop/EPAM/Capstone/capstone-project/src/helpers/buttonMap.tsx","statementMap":{"0":{"start":{"line":1,"column":0},"end":{"line":1,"column":65}},"1":{"start":{"line":18,"column":13},"end":{"line":26,"column":2}},"2":{"start":{"line":28,"column":13},"end":{"line":80,"column":2}}},"fnMap":{},"branchMap":{},"s":{"0":3,"1":3,"2":3},"f":{},"b":{}}
,"/Users/asselzhl/Desktop/EPAM/Capstone/capstone-project/src/helpers/photoBoxMap.ts": {"path":"/Users/asselzhl/Desktop/EPAM/Capstone/capstone-project/src/helpers/photoBoxMap.ts","statementMap":{"0":{"start":{"line":1,"column":0},"end":{"line":1,"column":42}},"1":{"start":{"line":11,"column":13},"end":{"line":39,"column":2}}},"fnMap":{},"branchMap":{},"s":{"0":0,"1":0},"f":{},"b":{}}
,"/Users/asselzhl/Desktop/EPAM/Capstone/capstone-project/src/helpers/routePaths.tsx": {"path":"/Users/asselzhl/Desktop/EPAM/Capstone/capstone-project/src/helpers/routePaths.tsx","statementMap":{"0":{"start":{"line":8,"column":13},"end":{"line":11,"column":2}}},"fnMap":{},"branchMap":{},"s":{"0":1},"f":{},"b":{}}
,"/Users/asselzhl/Desktop/EPAM/Capstone/capstone-project/src/helpers/lists/boxList.tsx": {"path":"/Users/asselzhl/Desktop/EPAM/Capstone/capstone-project/src/helpers/lists/boxList.tsx","statementMap":{"0":{"start":{"line":1,"column":0},"end":{"line":1,"column":56}},"1":{"start":{"line":2,"column":0},"end":{"line":2,"column":53}},"2":{"start":{"line":3,"column":0},"end":{"line":3,"column":62}},"3":{"start":{"line":4,"column":0},"end":{"line":4,"column":65}},"4":{"start":{"line":5,"column":0},"end":{"line":5,"column":68}},"5":{"start":{"line":6,"column":0},"end":{"line":6,"column":62}},"6":{"start":{"line":7,"column":0},"end":{"line":7,"column":65}},"7":{"start":{"line":8,"column":0},"end":{"line":8,"column":46}},"8":{"start":{"line":9,"column":0},"end":{"line":9,"column":50}},"9":{"start":{"line":10,"column":0},"end":{"line":10,"column":48}},"10":{"start":{"line":11,"column":0},"end":{"line":11,"column":58}},"11":{"start":{"line":29,"column":1},"end":{"line":29,"column":990}},"12":{"start":{"line":31,"column":13},"end":{"line":67,"column":2}}},"fnMap":{},"branchMap":{},"s":{"0":0,"1":0,"2":0,"3":0,"4":0,"5":0,"6":0,"7":0,"8":0,"9":0,"10":0,"11":0,"12":0},"f":{},"b":{}}
,"/Users/asselzhl/Desktop/EPAM/Capstone/capstone-project/src/helpers/lists/contactsList.tsx": {"path":"/Users/asselzhl/Desktop/EPAM/Capstone/capstone-project/src/helpers/lists/contactsList.tsx","statementMap":{"0":{"start":{"line":1,"column":0},"end":{"line":1,"column":null}},"1":{"start":{"line":15,"column":25},"end":{"line":15,"column":27}},"2":{"start":{"line":16,"column":26},"end":{"line":16,"column":35}},"3":{"start":{"line":18,"column":13},"end":{"line":49,"column":2}}},"fnMap":{},"branchMap":{},"s":{"0":0,"1":0,"2":0,"3":0},"f":{},"b":{}}
,"/Users/asselzhl/Desktop/EPAM/Capstone/capstone-project/src/helpers/lists/experienceList.ts": {"path":"/Users/asselzhl/Desktop/EPAM/Capstone/capstone-project/src/helpers/lists/experienceList.ts","statementMap":{"0":{"start":{"line":11,"column":13},"end":{"line":30,"column":2}}},"fnMap":{},"branchMap":{},"s":{"0":0},"f":{},"b":{}}
,"/Users/asselzhl/Desktop/EPAM/Capstone/capstone-project/src/helpers/lists/feedbacksList.ts": {"path":"/Users/asselzhl/Desktop/EPAM/Capstone/capstone-project/src/helpers/lists/feedbacksList.ts","statementMap":{"0":{"start":{"line":1,"column":0},"end":{"line":1,"column":45}},"1":{"start":{"line":10,"column":13},"end":{"line":29,"column":2}}},"fnMap":{},"branchMap":{},"s":{"0":0,"1":0},"f":{},"b":{}}
,"/Users/asselzhl/Desktop/EPAM/Capstone/capstone-project/src/helpers/lists/formFieldsList.ts": {"path":"/Users/asselzhl/Desktop/EPAM/Capstone/capstone-project/src/helpers/lists/formFieldsList.ts","statementMap":{"0":{"start":{"line":8,"column":13},"end":{"line":23,"column":2}}},"fnMap":{},"branchMap":{},"s":{"0":0},"f":{},"b":{}}
,"/Users/asselzhl/Desktop/EPAM/Capstone/capstone-project/src/helpers/lists/navList.tsx": {"path":"/Users/asselzhl/Desktop/EPAM/Capstone/capstone-project/src/helpers/lists/navList.tsx","statementMap":{"0":{"start":{"line":1,"column":0},"end":{"line":1,"column":null}},"1":{"start":{"line":25,"column":13},"end":{"line":61,"column":2}}},"fnMap":{},"branchMap":{},"s":{"0":1,"1":1},"f":{},"b":{}}
,"/Users/asselzhl/Desktop/EPAM/Capstone/capstone-project/src/helpers/lists/projectsList.ts": {"path":"/Users/asselzhl/Desktop/EPAM/Capstone/capstone-project/src/helpers/lists/projectsList.ts","statementMap":{"0":{"start":{"line":1,"column":0},"end":{"line":1,"column":51}},"1":{"start":{"line":2,"column":0},"end":{"line":2,"column":51}},"2":{"start":{"line":23,"column":13},"end":{"line":64,"column":2}},"3":{"start":{"line":66,"column":13},"end":{"line":79,"column":2}}},"fnMap":{},"branchMap":{},"s":{"0":0,"1":0,"2":0,"3":0},"f":{},"b":{}}
,"/Users/asselzhl/Desktop/EPAM/Capstone/capstone-project/src/pages/Home.tsx": {"path":"/Users/asselzhl/Desktop/EPAM/Capstone/capstone-project/src/pages/Home.tsx","statementMap":{"0":{"start":{"line":2,"column":0},"end":{"line":2,"column":59}},"1":{"start":{"line":3,"column":0},"end":{"line":3,"column":51}},"2":{"start":{"line":4,"column":0},"end":{"line":4,"column":40}},"3":{"start":{"line":5,"column":0},"end":{"line":5,"column":53}},"4":{"start":{"line":6,"column":0},"end":{"line":6,"column":50}},"5":{"start":{"line":8,"column":14},"end":{"line":10,"column":2}},"6":{"start":{"line":12,"column":20},"end":{"line":21,"column":1}},"7":{"start":{"line":13,"column":1},"end":{"line":20,"column":3}},"8":{"start":{"line":12,"column":13},"end":{"line":12,"column":20}}},"fnMap":{"0":{"name":"(anonymous_0)","decl":{"start":{"line":12,"column":20},"end":{"line":12,"column":23}},"loc":{"start":{"line":12,"column":25},"end":{"line":21,"column":1}}}},"branchMap":{},"s":{"0":0,"1":0,"2":0,"3":0,"4":0,"5":0,"6":0,"7":0,"8":0},"f":{"0":0},"b":{}}
,"/Users/asselzhl/Desktop/EPAM/Capstone/capstone-project/src/pages/Inner.tsx": {"path":"/Users/asselzhl/Desktop/EPAM/Capstone/capstone-project/src/pages/Inner.tsx","statementMap":{"0":{"start":{"line":2,"column":0},"end":{"line":2,"column":47}},"1":{"start":{"line":3,"column":0},"end":{"line":3,"column":50}},"2":{"start":{"line":4,"column":0},"end":{"line":4,"column":51}},"3":{"start":{"line":6,"column":14},"end":{"line":8,"column":2}},"4":{"start":{"line":10,"column":21},"end":{"line":17,"column":1}},"5":{"start":{"line":11,"column":1},"end":{"line":16,"column":3}},"6":{"start":{"line":10,"column":13},"end":{"line":10,"column":21}}},"fnMap":{"0":{"name":"(anonymous_0)","decl":{"start":{"line":10,"column":21},"end":{"line":10,"column":24}},"loc":{"start":{"line":10,"column":26},"end":{"line":17,"column":1}}}},"branchMap":{},"s":{"0":0,"1":0,"2":0,"3":0,"4":0,"5":0,"6":0},"f":{"0":0},"b":{}}
,"/Users/asselzhl/Desktop/EPAM/Capstone/capstone-project/src/services/apiConfig.ts": {"path":"/Users/asselzhl/Desktop/EPAM/Capstone/capstone-project/src/services/apiConfig.ts","statementMap":{"0":{"start":{"line":1,"column":0},"end":{"line":1,"column":26}},"1":{"start":{"line":3,"column":13},"end":{"line":3,"column":38}}},"fnMap":{},"branchMap":{},"s":{"0":0,"1":0},"f":{},"b":{}}
,"/Users/asselzhl/Desktop/EPAM/Capstone/capstone-project/src/services/server.ts": {"path":"/Users/asselzhl/Desktop/EPAM/Capstone/capstone-project/src/services/server.ts","statementMap":{"0":{"start":{"line":1,"column":0},"end":{"line":1,"column":40}},"1":{"start":{"line":13,"column":32},"end":{"line":26,"column":2}},"2":{"start":{"line":28,"column":41},"end":{"line":47,"column":2}},"3":{"start":{"line":49,"column":22},"end":{"line":80,"column":3}},"4":{"start":{"line":50,"column":1},"end":{"line":80,"column":3}},"5":{"start":{"line":52,"column":3},"end":{"line":52,"column":26}},"6":{"start":{"line":54,"column":3},"end":{"line":62,"column":5}},"7":{"start":{"line":57,"column":5},"end":{"line":59,"column":7}},"8":{"start":{"line":64,"column":3},"end":{"line":72,"column":5}},"9":{"start":{"line":67,"column":5},"end":{"line":69,"column":7}},"10":{"start":{"line":74,"column":3},"end":{"line":78,"column":6}},"11":{"start":{"line":75,"column":18},"end":{"line":75,"column":49}},"12":{"start":{"line":76,"column":4},"end":{"line":76,"column":23}},"13":{"start":{"line":77,"column":4},"end":{"line":77,"column":28}},"14":{"start":{"line":49,"column":13},"end":{"line":49,"column":22}}},"fnMap":{"0":{"name":"(anonymous_0)","decl":{"start":{"line":49,"column":22},"end":{"line":49,"column":25}},"loc":{"start":{"line":50,"column":1},"end":{"line":80,"column":3}}},"1":{"name":"(anonymous_1)","decl":{"start":{"line":51,"column":2},"end":{"line":51,"column":8}},"loc":{"start":{"line":51,"column":8},"end":{"line":79,"column":3}}},"2":{"name":"(anonymous_2)","decl":{"start":{"line":56,"column":4},"end":{"line":56,"column":7}},"loc":{"start":{"line":56,"column":9},"end":{"line":60,"column":5}}},"3":{"name":"(anonymous_3)","decl":{"start":{"line":66,"column":4},"end":{"line":66,"column":7}},"loc":{"start":{"line":66,"column":9},"end":{"line":70,"column":5}}},"4":{"name":"(anonymous_4)","decl":{"start":{"line":74,"column":23},"end":{"line":74,"column":24}},"loc":{"start":{"line":74,"column":43},"end":{"line":78,"column":4}}}},"branchMap":{},"s":{"0":0,"1":0,"2":0,"3":0,"4":0,"5":0,"6":0,"7":0,"8":0,"9":0,"10":0,"11":0,"12":0,"13":0,"14":0},"f":{"0":0,"1":0,"2":0,"3":0,"4":0},"b":{}}
,"/Users/asselzhl/Desktop/EPAM/Capstone/capstone-project/src/store/constants.ts": {"path":"/Users/asselzhl/Desktop/EPAM/Capstone/capstone-project/src/store/constants.ts","statementMap":{"0":{"start":{"line":3,"column":13},"end":{"line":8,"column":2}}},"fnMap":{},"branchMap":{},"s":{"0":0},"f":{},"b":{}}
,"/Users/asselzhl/Desktop/EPAM/Capstone/capstone-project/src/store/selectors.ts": {"path":"/Users/asselzhl/Desktop/EPAM/Capstone/capstone-project/src/store/selectors.ts","statementMap":{"0":{"start":{"line":4,"column":33},"end":{"line":4,"column":75}},"1":{"start":{"line":4,"column":55},"end":{"line":4,"column":75}},"2":{"start":{"line":4,"column":13},"end":{"line":4,"column":33}},"3":{"start":{"line":5,"column":40},"end":{"line":6,"column":23}},"4":{"start":{"line":6,"column":1},"end":{"line":6,"column":23}},"5":{"start":{"line":5,"column":13},"end":{"line":5,"column":40}},"6":{"start":{"line":9,"column":36},"end":{"line":9,"column":77}},"7":{"start":{"line":9,"column":58},"end":{"line":9,"column":77}},"8":{"start":{"line":9,"column":13},"end":{"line":9,"column":36}},"9":{"start":{"line":10,"column":29},"end":{"line":10,"column":68}},"10":{"start":{"line":10,"column":51},"end":{"line":10,"column":68}},"11":{"start":{"line":10,"column":13},"end":{"line":10,"column":29}}},"fnMap":{"0":{"name":"(anonymous_0)","decl":{"start":{"line":4,"column":33},"end":{"line":4,"column":34}},"loc":{"start":{"line":4,"column":55},"end":{"line":4,"column":75}}},"1":{"name":"(anonymous_1)","decl":{"start":{"line":5,"column":40},"end":{"line":5,"column":41}},"loc":{"start":{"line":6,"column":1},"end":{"line":6,"column":23}}},"2":{"name":"(anonymous_2)","decl":{"start":{"line":9,"column":36},"end":{"line":9,"column":37}},"loc":{"start":{"line":9,"column":58},"end":{"line":9,"column":77}}},"3":{"name":"(anonymous_3)","decl":{"start":{"line":10,"column":29},"end":{"line":10,"column":30}},"loc":{"start":{"line":10,"column":51},"end":{"line":10,"column":68}}}},"branchMap":{},"s":{"0":0,"1":0,"2":0,"3":0,"4":0,"5":0,"6":0,"7":0,"8":0,"9":0,"10":0,"11":0},"f":{"0":0,"1":0,"2":0,"3":0},"b":{}}
,"/Users/asselzhl/Desktop/EPAM/Capstone/capstone-project/src/store/store.ts": {"path":"/Users/asselzhl/Desktop/EPAM/Capstone/capstone-project/src/store/store.ts","statementMap":{"0":{"start":{"line":1,"column":0},"end":{"line":1,"column":67}},"1":{"start":{"line":2,"column":0},"end":{"line":2,"column":42}},"2":{"start":{"line":3,"column":0},"end":{"line":3,"column":62}},"3":{"start":{"line":4,"column":0},"end":{"line":4,"column":53}},"4":{"start":{"line":6,"column":0},"end":{"line":6,"column":null}},"5":{"start":{"line":16,"column":0},"end":{"line":16,"column":48}},"6":{"start":{"line":18,"column":22},"end":{"line":22,"column":2}},"7":{"start":{"line":24,"column":28},"end":{"line":28,"column":2}},"8":{"start":{"line":30,"column":20},"end":{"line":33,"column":2}},"9":{"start":{"line":35,"column":25},"end":{"line":35,"column":67}},"10":{"start":{"line":37,"column":13},"end":{"line":58,"column":3}},"11":{"start":{"line":40,"column":2},"end":{"line":57,"column":4}},"12":{"start":{"line":60,"column":13},"end":{"line":60,"column":45}},"13":{"start":{"line":64,"column":13},"end":{"line":64,"column":67}}},"fnMap":{"0":{"name":"(anonymous_1)","decl":{"start":{"line":39,"column":13},"end":{"line":39,"column":14}},"loc":{"start":{"line":40,"column":2},"end":{"line":57,"column":4}}}},"branchMap":{},"s":{"0":0,"1":0,"2":0,"3":0,"4":0,"5":0,"6":0,"7":0,"8":0,"9":0,"10":0,"11":0,"12":0,"13":0},"f":{"0":0},"b":{}}
,"/Users/asselzhl/Desktop/EPAM/Capstone/capstone-project/src/store/education/educationSlice.ts": {"path":"/Users/asselzhl/Desktop/EPAM/Capstone/capstone-project/src/store/education/educationSlice.ts","statementMap":{"0":{"start":{"line":1,"column":0},"end":{"line":1,"column":47}},"1":{"start":{"line":2,"column":0},"end":{"line":2,"column":51}},"2":{"start":{"line":3,"column":0},"end":{"line":3,"column":56}},"3":{"start":{"line":16,"column":38},"end":{"line":20,"column":2}},"4":{"start":{"line":22,"column":13},"end":{"line":43,"column":3}},"5":{"start":{"line":27,"column":2},"end":{"line":41,"column":6}},"6":{"start":{"line":29,"column":4},"end":{"line":29,"column":39}},"7":{"start":{"line":30,"column":4},"end":{"line":30,"column":17}},"8":{"start":{"line":33,"column":4},"end":{"line":33,"column":41}},"9":{"start":{"line":34,"column":4},"end":{"line":34,"column":48}},"10":{"start":{"line":35,"column":4},"end":{"line":35,"column":17}},"11":{"start":{"line":38,"column":4},"end":{"line":38,"column":38}},"12":{"start":{"line":39,"column":4},"end":{"line":39,"column":39}},"13":{"start":{"line":40,"column":4},"end":{"line":40,"column":17}},"14":{"start":{"line":45,"column":13},"end":{"line":45,"column":55}}},"fnMap":{"0":{"name":"(anonymous_0)","decl":{"start":{"line":26,"column":16},"end":{"line":26,"column":17}},"loc":{"start":{"line":26,"column":28},"end":{"line":42,"column":2}}},"1":{"name":"(anonymous_1)","decl":{"start":{"line":28,"column":37},"end":{"line":28,"column":38}},"loc":{"start":{"line":28,"column":47},"end":{"line":31,"column":4}}},"2":{"name":"(anonymous_2)","decl":{"start":{"line":32,"column":39},"end":{"line":32,"column":40}},"loc":{"start":{"line":32,"column":57},"end":{"line":36,"column":4}}},"3":{"name":"(anonymous_3)","decl":{"start":{"line":37,"column":38},"end":{"line":37,"column":39}},"loc":{"start":{"line":37,"column":56},"end":{"line":41,"column":4}}}},"branchMap":{},"s":{"0":0,"1":0,"2":0,"3":0,"4":0,"5":0,"6":0,"7":0,"8":0,"9":0,"10":0,"11":0,"12":0,"13":0,"14":0},"f":{"0":0,"1":0,"2":0,"3":0},"b":{}}
,"/Users/asselzhl/Desktop/EPAM/Capstone/capstone-project/src/store/education/educationThunk.ts": {"path":"/Users/asselzhl/Desktop/EPAM/Capstone/capstone-project/src/store/education/educationThunk.ts","statementMap":{"0":{"start":{"line":1,"column":0},"end":{"line":1,"column":52}},"1":{"start":{"line":2,"column":0},"end":{"line":2,"column":49}},"2":{"start":{"line":4,"column":13},"end":{"line":14,"column":2}},"3":{"start":{"line":6,"column":23},"end":{"line":13,"column":null}},"4":{"start":{"line":7,"column":2},"end":{"line":12,"column":3}},"5":{"start":{"line":8,"column":16},"end":{"line":8,"column":49}},"6":{"start":{"line":9,"column":3},"end":{"line":9,"column":15}},"7":{"start":{"line":11,"column":3},"end":{"line":11,"column":42}}},"fnMap":{"0":{"name":"(anonymous_7)","decl":{"start":{"line":6,"column":1},"end":{"line":6,"column":8}},"loc":{"start":{"line":6,"column":23},"end":{"line":13,"column":null}}},"1":{"name":"(anonymous_8)","decl":{"start":{"line":6,"column":23},"end":{"line":6,"column":null}},"loc":{"start":{"line":6,"column":23},"end":{"line":13,"column":2}}}},"branchMap":{},"s":{"0":0,"1":0,"2":0,"3":0,"4":0,"5":0,"6":0,"7":0},"f":{"0":0,"1":0},"b":{}}
,"/Users/asselzhl/Desktop/EPAM/Capstone/capstone-project/src/store/skills/skillsSlice.ts": {"path":"/Users/asselzhl/Desktop/EPAM/Capstone/capstone-project/src/store/skills/skillsSlice.ts","statementMap":{"0":{"start":{"line":1,"column":0},"end":{"line":1,"column":47}},"1":{"start":{"line":2,"column":0},"end":{"line":2,"column":56}},"2":{"start":{"line":3,"column":0},"end":{"line":3,"column":54}},"3":{"start":{"line":15,"column":34},"end":{"line":19,"column":2}},"4":{"start":{"line":21,"column":13},"end":{"line":46,"column":3}},"5":{"start":{"line":26,"column":2},"end":{"line":44,"column":6}},"6":{"start":{"line":28,"column":4},"end":{"line":28,"column":39}},"7":{"start":{"line":29,"column":4},"end":{"line":29,"column":17}},"8":{"start":{"line":32,"column":4},"end":{"line":32,"column":41}},"9":{"start":{"line":33,"column":4},"end":{"line":33,"column":17}},"10":{"start":{"line":36,"column":4},"end":{"line":36,"column":38}},"11":{"start":{"line":37,"column":4},"end":{"line":37,"column":39}},"12":{"start":{"line":38,"column":4},"end":{"line":38,"column":17}},"13":{"start":{"line":41,"column":4},"end":{"line":41,"column":41}},"14":{"start":{"line":42,"column":4},"end":{"line":42,"column":47}},"15":{"start":{"line":43,"column":4},"end":{"line":43,"column":17}},"16":{"start":{"line":48,"column":13},"end":{"line":48,"column":49}}},"fnMap":{"0":{"name":"(anonymous_0)","decl":{"start":{"line":25,"column":16},"end":{"line":25,"column":17}},"loc":{"start":{"line":25,"column":28},"end":{"line":45,"column":2}}},"1":{"name":"(anonymous_1)","decl":{"start":{"line":27,"column":33},"end":{"line":27,"column":34}},"loc":{"start":{"line":27,"column":43},"end":{"line":30,"column":4}}},"2":{"name":"(anonymous_2)","decl":{"start":{"line":31,"column":35},"end":{"line":31,"column":36}},"loc":{"start":{"line":31,"column":45},"end":{"line":34,"column":4}}},"3":{"name":"(anonymous_3)","decl":{"start":{"line":35,"column":34},"end":{"line":35,"column":35}},"loc":{"start":{"line":35,"column":52},"end":{"line":39,"column":4}}},"4":{"name":"(anonymous_4)","decl":{"start":{"line":40,"column":32},"end":{"line":40,"column":33}},"loc":{"start":{"line":40,"column":50},"end":{"line":44,"column":4}}}},"branchMap":{},"s":{"0":0,"1":0,"2":0,"3":0,"4":0,"5":0,"6":0,"7":0,"8":0,"9":0,"10":0,"11":0,"12":0,"13":0,"14":0,"15":0,"16":0},"f":{"0":0,"1":0,"2":0,"3":0,"4":0},"b":{}}
,"/Users/asselzhl/Desktop/EPAM/Capstone/capstone-project/src/store/skills/skillsThunk.ts": {"path":"/Users/asselzhl/Desktop/EPAM/Capstone/capstone-project/src/store/skills/skillsThunk.ts","statementMap":{"0":{"start":{"line":1,"column":0},"end":{"line":1,"column":52}},"1":{"start":{"line":2,"column":0},"end":{"line":2,"column":49}},"2":{"start":{"line":9,"column":13},"end":{"line":19,"column":2}},"3":{"start":{"line":11,"column":23},"end":{"line":18,"column":null}},"4":{"start":{"line":12,"column":2},"end":{"line":17,"column":3}},"5":{"start":{"line":13,"column":16},"end":{"line":13,"column":45}},"6":{"start":{"line":14,"column":3},"end":{"line":14,"column":15}},"7":{"start":{"line":16,"column":3},"end":{"line":16,"column":42}},"8":{"start":{"line":21,"column":13},"end":{"line":31,"column":2}},"9":{"start":{"line":23,"column":38},"end":{"line":30,"column":null}},"10":{"start":{"line":24,"column":2},"end":{"line":29,"column":3}},"11":{"start":{"line":25,"column":16},"end":{"line":25,"column":53}},"12":{"start":{"line":26,"column":3},"end":{"line":26,"column":15}},"13":{"start":{"line":28,"column":3},"end":{"line":28,"column":42}}},"fnMap":{"0":{"name":"(anonymous_7)","decl":{"start":{"line":11,"column":1},"end":{"line":11,"column":8}},"loc":{"start":{"line":11,"column":23},"end":{"line":18,"column":null}}},"1":{"name":"(anonymous_8)","decl":{"start":{"line":11,"column":23},"end":{"line":11,"column":null}},"loc":{"start":{"line":11,"column":23},"end":{"line":18,"column":2}}},"2":{"name":"(anonymous_9)","decl":{"start":{"line":23,"column":1},"end":{"line":23,"column":8}},"loc":{"start":{"line":23,"column":38},"end":{"line":30,"column":null}}},"3":{"name":"(anonymous_10)","decl":{"start":{"line":23,"column":38},"end":{"line":23,"column":null}},"loc":{"start":{"line":23,"column":38},"end":{"line":30,"column":2}}}},"branchMap":{},"s":{"0":0,"1":0,"2":0,"3":0,"4":0,"5":0,"6":0,"7":0,"8":0,"9":0,"10":0,"11":0,"12":0,"13":0},"f":{"0":0,"1":0,"2":0,"3":0},"b":{}}
}
